<?xml version="1.0" encoding="UTF-8"?>
<testng-results skipped="0" failed="0" total="1" passed="1">
  <reporter-output>
  </reporter-output>
  <suite name="Suite" duration-ms="22459" started-at="2016-05-09T13:53:01Z" finished-at="2016-05-09T13:53:23Z">
    <groups>
    </groups>
    <test name="Test" duration-ms="22459" started-at="2016-05-09T13:53:01Z" finished-at="2016-05-09T13:53:23Z">
      <class name="com.ingenta.com.ingenta.integration_test.MavenTests">
        <test-method status="PASS" signature="browserStack1()[pri:0, instance:com.ingenta.com.ingenta.integration_test.MavenTests@50c87b21]" name="browserStack1" duration-ms="22438" started-at="2016-05-09T14:53:01Z" finished-at="2016-05-09T14:53:23Z">
          <reporter-output>
          </reporter-output>
        </test-method> <!-- browserStack1 -->
      </class> <!-- com.ingenta.com.ingenta.integration_test.MavenTests -->
    </test> <!-- Test -->
  </suite> <!-- Suite -->
</testng-results>
